<?xml version="1.0" encoding="UTF-8"?>
<!-- Generated by org.testng.reporters.JUnitXMLReporter -->
<testsuite hostname="LAPTOP-IQ6C4OPO" failures="0" tests="3" name="Test" time="9.93" errors="0" timestamp="19 Sep 2024 10:53:51 GMT">
  <testcase classname="testcases.pg.TestRunner" name="validateTile" time="0.507"/>
  <testcase classname="testcases.pg.TestRunner" name="handleDynamicElement" time="2.581"/>
  <testcase classname="testcases.pg.TestRunner" name="moveToForm" time="6.83"/>
</testsuite> <!-- Test -->
