<?xml version="1.0" encoding="UTF-8"?>
<testng-results total="3" passed="3" failed="0" skipped="0">
  <reporter-output>
    <line>
      <![CDATA[Click on Accept cookies button]]>
    </line>
    <line>
      <![CDATA[Title verification successful]]>
    </line>
    <line>
      <![CDATA[Hover over to the Product field]]>
    </line>
    <line>
      <![CDATA[Clicked on General Accounting field]]>
    </line>
    <line>
      <![CDATA[General Accounting page opened successfuly]]>
    </line>
    <line>
      <![CDATA[Window scrollled upto the form of the page]]>
    </line>
  </reporter-output>
  <suite started-at="2024-09-19T10:53:41Z" name="Suite" finished-at="2024-09-19T10:53:51Z" duration-ms="9930">
    <groups>
    </groups>
    <test started-at="2024-09-19T10:53:41Z" name="Test" finished-at="2024-09-19T10:53:51Z" duration-ms="9930">
      <class name="testcases.pg.TestRunner">
        <test-method is-config="true" signature="beforeTest()[pri:0, instance:testcases.pg.TestRunner@44c73c26]" started-at="2024-09-19T16:23:37Z" name="beforeTest" finished-at="2024-09-19T16:23:41Z" duration-ms="4444" status="PASS">
          <reporter-output>
          </reporter-output>
        </test-method> <!-- beforeTest -->
        <test-method signature="validateTile()[pri:0, instance:testcases.pg.TestRunner@44c73c26]" started-at="2024-09-19T16:23:41Z" name="validateTile" finished-at="2024-09-19T16:23:42Z" duration-ms="507" status="PASS">
          <reporter-output>
            <line>
              <![CDATA[Click on Accept cookies button]]>
            </line>
            <line>
              <![CDATA[Title verification successful]]>
            </line>
          </reporter-output>
        </test-method> <!-- validateTile -->
        <test-method signature="handleDynamicElement()[pri:0, instance:testcases.pg.TestRunner@44c73c26]" started-at="2024-09-19T16:23:42Z" name="handleDynamicElement" finished-at="2024-09-19T16:23:45Z" duration-ms="2581" status="PASS">
          <reporter-output>
            <line>
              <![CDATA[Hover over to the Product field]]>
            </line>
            <line>
              <![CDATA[Clicked on General Accounting field]]>
            </line>
            <line>
              <![CDATA[General Accounting page opened successfuly]]>
            </line>
          </reporter-output>
        </test-method> <!-- handleDynamicElement -->
        <test-method signature="moveToForm()[pri:0, instance:testcases.pg.TestRunner@44c73c26]" started-at="2024-09-19T16:23:45Z" name="moveToForm" finished-at="2024-09-19T16:23:51Z" duration-ms="6830" status="PASS">
          <reporter-output>
            <line>
              <![CDATA[Window scrollled upto the form of the page]]>
            </line>
          </reporter-output>
        </test-method> <!-- moveToForm -->
        <test-method is-config="true" signature="tearDown()[pri:0, instance:testcases.pg.TestRunner@44c73c26]" started-at="2024-09-19T16:23:51Z" name="tearDown" finished-at="2024-09-19T16:23:52Z" duration-ms="244" status="PASS">
          <reporter-output>
          </reporter-output>
        </test-method> <!-- tearDown -->
      </class> <!-- testcases.pg.TestRunner -->
    </test> <!-- Test -->
  </suite> <!-- Suite -->
</testng-results>
